[2026-02-05 09:10:48] [Info] PIMBuddy session started
[2026-02-05 09:10:48] [Info] PIMBuddy starting...
[2026-02-05 09:10:48] [Debug] Settings loaded successfully
[2026-02-05 09:10:48] [Debug] Settings loaded
[2026-02-05 09:10:49] [Debug] Initializing main window...
[2026-02-05 09:10:49] [Debug] Settings saved successfully
[2026-02-05 09:10:49] [Debug] Theme changed to: Light
[2026-02-05 09:10:49] [Debug] Templates UI loaded successfully
[2026-02-05 09:10:49] [Debug] Keyboard shortcuts initialized
[2026-02-05 09:10:49] [Success] Main window initialized
[2026-02-05 09:10:55] [Info] Initiating connection to Commercial environment
[2026-02-05 09:10:56] [Info] Opening browser for authentication...
[2026-02-05 09:11:04] [Success] Successfully connected to padrunli
[2026-02-05 09:11:04] [Success] Toast: [Success] Connected to padrunli
[2026-02-05 09:11:04] [Debug] Refreshing dashboard data...
[2026-02-05 09:11:04] [Debug] Fetching PIM groups...
[2026-02-05 09:11:09] [Info] Found 7 PIM groups
[2026-02-05 09:11:32] [Info] Dashboard: 7 groups, 0 eligible, 1 active
[2026-02-05 09:11:38] [Debug] Fetching PIM groups...
[2026-02-05 09:11:38] [Info] Found 7 PIM groups
[2026-02-05 09:11:38] [Debug] Fetching PIM policy for group: b5932e2e-4eed-46a2-9dd9-303ebf06bdd1 (member)
[2026-02-05 09:11:39] [Debug] Fetching PIM policy for group: 526dc037-a152-4184-8cb3-9dc9db837723 (member)
[2026-02-05 09:11:40] [Debug] Fetching PIM policy for group: 270e26b0-c4c5-4566-9776-9d644822971a (member)
[2026-02-05 09:11:40] [Debug] Fetching PIM policy for group: e19886ba-81c8-4b06-91a4-b7ef871d88ab (member)
[2026-02-05 09:11:41] [Debug] Fetching PIM policy for group: 8a910451-cfc0-4c4a-9733-e2456fc9dfab (member)
[2026-02-05 09:11:42] [Debug] Fetching PIM policy for group: a2a85f22-233a-406e-b534-8957a5e88935 (member)
[2026-02-05 09:11:43] [Debug] Fetching PIM policy for group: 6e08ac8c-650f-44a3-b4d1-585046ad41ac (member)
[2026-02-05 09:11:46] [Debug] Dashboard data refreshed
[2026-02-05 09:11:49] [Debug] Navigated to: GroupsPage
[2026-02-05 09:11:50] [Debug] Fetching PIM groups...
[2026-02-05 09:11:50] [Info] Found 7 PIM groups
[2026-02-05 09:11:50] [Debug] Group cache refreshed with 7 groups
[2026-02-05 09:11:50] [Info] Loaded 7 PIM groups
[2026-02-05 09:11:53] [Debug] Navigated to: DashboardPage
[2026-02-05 09:11:56] [Debug] Navigated to: GroupsPage
[2026-02-05 09:11:56] [Info] Loaded 7 PIM groups
[2026-02-05 09:11:58] [Debug] Opening Create Group dialog
[2026-02-05 09:12:03] [Debug] Dialog result type: String, value: 'PIM-floriana'
[2026-02-05 09:12:03] [Info] Creating group: Name='PIM-floriana', MailNickname='PIM-floriana'
[2026-02-05 09:12:03] [Info] Creating PIM group: PIM-floriana
[2026-02-05 09:12:04] [Debug] Group verified with ID: 428f577f-5db0-42f6-a19e-e383bf45abf0
[2026-02-05 09:12:04] [Success] Group created with ID: 428f577f-5db0-42f6-a19e-e383bf45abf0
[2026-02-05 09:12:04] [Debug] New-PIMGroup result: Success=True, Error=N/A, GroupId=428f577f-5db0-42f6-a19e-e383bf45abf0
[2026-02-05 09:12:04] [Success] Toast: [Success] Group 'PIM-floriana' created successfully
[2026-02-05 09:12:04] [Debug] Fetching PIM groups...
[2026-02-05 09:12:04] [Info] Found 8 PIM groups
[2026-02-05 09:12:04] [Debug] Group cache refreshed with 8 groups
[2026-02-05 09:12:04] [Info] Loaded 8 PIM groups
[2026-02-05 09:12:04] [Debug] Refreshing dashboard data...
[2026-02-05 09:12:04] [Debug] Fetching PIM groups...
[2026-02-05 09:12:06] [Info] Found 8 PIM groups
[2026-02-05 09:12:24] [Info] Dashboard: 8 groups, 0 eligible, 1 active
[2026-02-05 09:12:26] [Debug] Fetching PIM groups...
[2026-02-05 09:12:26] [Info] Found 8 PIM groups
[2026-02-05 09:12:26] [Debug] Fetching PIM policy for group: b5932e2e-4eed-46a2-9dd9-303ebf06bdd1 (member)
[2026-02-05 09:12:27] [Debug] Fetching PIM policy for group: 526dc037-a152-4184-8cb3-9dc9db837723 (member)
[2026-02-05 09:12:28] [Debug] Fetching PIM policy for group: 270e26b0-c4c5-4566-9776-9d644822971a (member)
[2026-02-05 09:12:29] [Debug] Fetching PIM policy for group: e19886ba-81c8-4b06-91a4-b7ef871d88ab (member)
[2026-02-05 09:12:30] [Debug] Fetching PIM policy for group: 8a910451-cfc0-4c4a-9733-e2456fc9dfab (member)
[2026-02-05 09:12:31] [Debug] Fetching PIM policy for group: a2a85f22-233a-406e-b534-8957a5e88935 (member)
[2026-02-05 09:12:32] [Debug] Fetching PIM policy for group: 6e08ac8c-650f-44a3-b4d1-585046ad41ac (member)
[2026-02-05 09:12:34] [Debug] Fetching PIM policy for group: 428f577f-5db0-42f6-a19e-e383bf45abf0 (member)
[2026-02-05 09:12:34] [Debug] Dashboard data refreshed
[2026-02-05 09:12:34] [Info] Loaded 8 PIM groups
[2026-02-05 09:12:50] [Info] Adding active member to group 428f577f-5db0-42f6-a19e-e383bf45abf0 for principal f41012f1-f57e-495d-9584-4b6b97eaaffa
[2026-02-05 09:12:52] [Success] Active assignment created successfully
[2026-02-05 09:12:52] [Success] Toast: [Success] Roman Padrun added as active member
[2026-02-05 09:12:52] [Info] Loaded 8 PIM groups
[2026-02-05 09:13:01] [Debug] Navigated to: PoliciesPage
[2026-02-05 09:13:01] [Debug] Fetching Entra ID roles...
[2026-02-05 09:13:01] [Info] Found 136 roles
[2026-02-05 09:13:01] [Debug] Role cache refreshed with 136 roles
[2026-02-05 09:13:01] [Debug] Loaded 136 Entra roles for policy config
[2026-02-05 09:13:05] [Debug] Fetching PIM policy for role: a9ea8996-122f-4c74-9520-8edcd192826c
[2026-02-05 09:13:11] [Debug] Loaded policy for role a9ea8996-122f-4c74-9520-8edcd192826c (duration: 8h)
[2026-02-05 09:13:11] [Debug] Fetching PIM policy for role: be2f45a1-457d-42af-a067-6ec1fa63bc45
[2026-02-05 09:13:14] [Debug] Loaded policy for role be2f45a1-457d-42af-a067-6ec1fa63bc45 (duration: 8h)
[2026-02-05 09:13:24] [Info] Updating activation settings for role: be2f45a1-457d-42af-a067-6ec1fa63bc45
[2026-02-05 09:13:24] [Debug] Fetching PIM policy for role: be2f45a1-457d-42af-a067-6ec1fa63bc45
[2026-02-05 09:13:25] [Debug] Searching for rule IDs in policy DirectoryRole_b890c4e6-b9b4-407f-8727-efe638af79c3_c410e9a6-3118-4203-aee6-6aac9ebf1798 (found 17 rules)
[2026-02-05 09:13:25] [Debug] Examining rule: Expiration_Admin_Eligibility (Type: #microsoft.graph.unifiedRoleManagementPolicyExpirationRule, Caller: Admin)
[2026-02-05 09:13:25] [Debug] Examining rule: Enablement_Admin_Eligibility (Type: #microsoft.graph.unifiedRoleManagementPolicyEnablementRule, Caller: Admin)
[2026-02-05 09:13:25] [Debug] Examining rule: Notification_Admin_Admin_Eligibility (Type: #microsoft.graph.unifiedRoleManagementPolicyNotificationRule, Caller: Admin)
[2026-02-05 09:13:25] [Debug] Examining rule: Notification_Requestor_Admin_Eligibility (Type: #microsoft.graph.unifiedRoleManagementPolicyNotificationRule, Caller: Admin)
[2026-02-05 09:13:25] [Debug] Examining rule: Notification_Approver_Admin_Eligibility (Type: #microsoft.graph.unifiedRoleManagementPolicyNotificationRule, Caller: Admin)
[2026-02-05 09:13:25] [Debug] Examining rule: Expiration_Admin_Assignment (Type: #microsoft.graph.unifiedRoleManagementPolicyExpirationRule, Caller: Admin)
[2026-02-05 09:13:25] [Debug] Examining rule: Enablement_Admin_Assignment (Type: #microsoft.graph.unifiedRoleManagementPolicyEnablementRule, Caller: Admin)
[2026-02-05 09:13:25] [Debug] Examining rule: Notification_Admin_Admin_Assignment (Type: #microsoft.graph.unifiedRoleManagementPolicyNotificationRule, Caller: Admin)
[2026-02-05 09:13:25] [Debug] Examining rule: Notification_Requestor_Admin_Assignment (Type: #microsoft.graph.unifiedRoleManagementPolicyNotificationRule, Caller: Admin)
[2026-02-05 09:13:25] [Debug] Examining rule: Notification_Approver_Admin_Assignment (Type: #microsoft.graph.unifiedRoleManagementPolicyNotificationRule, Caller: Admin)
[2026-02-05 09:13:25] [Debug] Examining rule: Expiration_EndUser_Assignment (Type: #microsoft.graph.unifiedRoleManagementPolicyExpirationRule, Caller: EndUser)
[2026-02-05 09:13:25] [Debug] Found expiration rule: Expiration_EndUser_Assignment
[2026-02-05 09:13:25] [Debug] Examining rule: Enablement_EndUser_Assignment (Type: #microsoft.graph.unifiedRoleManagementPolicyEnablementRule, Caller: EndUser)
[2026-02-05 09:13:25] [Debug] Found enablement rule: Enablement_EndUser_Assignment
[2026-02-05 09:13:25] [Debug] Examining rule: Approval_EndUser_Assignment (Type: #microsoft.graph.unifiedRoleManagementPolicyApprovalRule, Caller: EndUser)
[2026-02-05 09:13:25] [Debug] Found approval rule: Approval_EndUser_Assignment
[2026-02-05 09:13:25] [Debug] Examining rule: AuthenticationContext_EndUser_Assignment (Type: #microsoft.graph.unifiedRoleManagementPolicyAuthenticationContextRule, Caller: EndUser)
[2026-02-05 09:13:25] [Debug] Examining rule: Notification_Admin_EndUser_Assignment (Type: #microsoft.graph.unifiedRoleManagementPolicyNotificationRule, Caller: EndUser)
[2026-02-05 09:13:25] [Debug] Examining rule: Notification_Requestor_EndUser_Assignment (Type: #microsoft.graph.unifiedRoleManagementPolicyNotificationRule, Caller: EndUser)
[2026-02-05 09:13:25] [Debug] Examining rule: Notification_Approver_EndUser_Assignment (Type: #microsoft.graph.unifiedRoleManagementPolicyNotificationRule, Caller: EndUser)
[2026-02-05 09:13:25] [Info] Using rule IDs - Expiration: Expiration_EndUser_Assignment, Enablement: Enablement_EndUser_Assignment, Approval: Approval_EndUser_Assignment
[2026-02-05 09:13:26] [Debug] Updated rule: Enablement_EndUser_Assignment
[2026-02-05 09:13:26] [Debug] Waiting for API propagation...
[2026-02-05 09:13:28] [Success] Role activation settings updated successfully
[2026-02-05 09:13:28] [Success] Toast: [Success] MFA requirement enabled
[2026-02-05 09:13:28] [Debug] Policy cache cleared
[2026-02-05 09:13:28] [Debug] Fetching PIM policy for role: be2f45a1-457d-42af-a067-6ec1fa63bc45
[2026-02-05 09:13:29] [Debug] Loaded policy for role be2f45a1-457d-42af-a067-6ec1fa63bc45 (duration: 8h)
[2026-02-05 09:13:32] [Debug] Fetching Entra ID roles...
[2026-02-05 09:13:32] [Info] Found 136 roles
[2026-02-05 09:13:32] [Debug] Role cache refreshed with 136 roles
[2026-02-05 09:13:32] [Debug] Loaded 136 Entra roles for policy config
[2026-02-05 09:13:34] [Debug] Navigated to: RolesPage
[2026-02-05 09:13:34] [Info] Loaded 136 Entra roles
[2026-02-05 09:13:59] [Debug] Fetching PIM groups...
[2026-02-05 09:13:59] [Info] Found 8 PIM groups
[2026-02-05 09:14:05] [Info] Adding group 428f577f-5db0-42f6-a19e-e383bf45abf0 to role 31392ffb-586c-42d1-9346-e59415a2cc4e (active)
[2026-02-05 09:14:07] [Success] Role assignment created successfully
[2026-02-05 09:14:07] [Success] Toast: [Success] Group 'PIM-floriana' assigned to 'Exchange Recipient Administrator' as active
[2026-02-05 09:14:23] [Debug] Navigated to: TemplatesPage
[2026-02-05 09:14:39] [Debug] Template button clicked: secure-admin
[2026-02-05 09:15:12] [Info] Applying template secure-admin to role 966707d0-3269-4727-9be2-8c3a10f19b9d
[2026-02-05 09:15:12] [Debug] Loaded 5 built-in templates
[2026-02-05 09:15:12] [Info] Updating activation settings for role: 966707d0-3269-4727-9be2-8c3a10f19b9d
[2026-02-05 09:15:12] [Debug] Fetching PIM policy for role: 966707d0-3269-4727-9be2-8c3a10f19b9d
[2026-02-05 09:15:13] [Debug] Searching for rule IDs in policy DirectoryRole_b890c4e6-b9b4-407f-8727-efe638af79c3_47b5c947-424b-4eb9-b2dc-fbc0fc15dfcb (found 17 rules)
[2026-02-05 09:15:13] [Debug] Examining rule: Expiration_Admin_Eligibility (Type: #microsoft.graph.unifiedRoleManagementPolicyExpirationRule, Caller: Admin)
[2026-02-05 09:15:13] [Debug] Examining rule: Enablement_Admin_Eligibility (Type: #microsoft.graph.unifiedRoleManagementPolicyEnablementRule, Caller: Admin)
[2026-02-05 09:15:13] [Debug] Examining rule: Notification_Admin_Admin_Eligibility (Type: #microsoft.graph.unifiedRoleManagementPolicyNotificationRule, Caller: Admin)
[2026-02-05 09:15:13] [Debug] Examining rule: Notification_Requestor_Admin_Eligibility (Type: #microsoft.graph.unifiedRoleManagementPolicyNotificationRule, Caller: Admin)
[2026-02-05 09:15:13] [Debug] Examining rule: Notification_Approver_Admin_Eligibility (Type: #microsoft.graph.unifiedRoleManagementPolicyNotificationRule, Caller: Admin)
[2026-02-05 09:15:13] [Debug] Examining rule: Expiration_Admin_Assignment (Type: #microsoft.graph.unifiedRoleManagementPolicyExpirationRule, Caller: Admin)
[2026-02-05 09:15:13] [Debug] Examining rule: Enablement_Admin_Assignment (Type: #microsoft.graph.unifiedRoleManagementPolicyEnablementRule, Caller: Admin)
[2026-02-05 09:15:13] [Debug] Examining rule: Notification_Admin_Admin_Assignment (Type: #microsoft.graph.unifiedRoleManagementPolicyNotificationRule, Caller: Admin)
[2026-02-05 09:15:13] [Debug] Examining rule: Notification_Requestor_Admin_Assignment (Type: #microsoft.graph.unifiedRoleManagementPolicyNotificationRule, Caller: Admin)
[2026-02-05 09:15:13] [Debug] Examining rule: Notification_Approver_Admin_Assignment (Type: #microsoft.graph.unifiedRoleManagementPolicyNotificationRule, Caller: Admin)
[2026-02-05 09:15:13] [Debug] Examining rule: Expiration_EndUser_Assignment (Type: #microsoft.graph.unifiedRoleManagementPolicyExpirationRule, Caller: EndUser)
[2026-02-05 09:15:13] [Debug] Found expiration rule: Expiration_EndUser_Assignment
[2026-02-05 09:15:13] [Debug] Examining rule: Enablement_EndUser_Assignment (Type: #microsoft.graph.unifiedRoleManagementPolicyEnablementRule, Caller: EndUser)
[2026-02-05 09:15:13] [Debug] Found enablement rule: Enablement_EndUser_Assignment
[2026-02-05 09:15:13] [Debug] Examining rule: Approval_EndUser_Assignment (Type: #microsoft.graph.unifiedRoleManagementPolicyApprovalRule, Caller: EndUser)
[2026-02-05 09:15:13] [Debug] Found approval rule: Approval_EndUser_Assignment
[2026-02-05 09:15:13] [Debug] Examining rule: AuthenticationContext_EndUser_Assignment (Type: #microsoft.graph.unifiedRoleManagementPolicyAuthenticationContextRule, Caller: EndUser)
[2026-02-05 09:15:13] [Debug] Examining rule: Notification_Admin_EndUser_Assignment (Type: #microsoft.graph.unifiedRoleManagementPolicyNotificationRule, Caller: EndUser)
[2026-02-05 09:15:13] [Debug] Examining rule: Notification_Requestor_EndUser_Assignment (Type: #microsoft.graph.unifiedRoleManagementPolicyNotificationRule, Caller: EndUser)
[2026-02-05 09:15:13] [Debug] Examining rule: Notification_Approver_EndUser_Assignment (Type: #microsoft.graph.unifiedRoleManagementPolicyNotificationRule, Caller: EndUser)
[2026-02-05 09:15:13] [Info] Using rule IDs - Expiration: Expiration_EndUser_Assignment, Enablement: Enablement_EndUser_Assignment, Approval: Approval_EndUser_Assignment
[2026-02-05 09:15:13] [Debug] Setting duration to PT2H using rule Expiration_EndUser_Assignment
[2026-02-05 09:15:14] [Debug] Updated rule: Expiration_EndUser_Assignment
[2026-02-05 09:15:15] [Debug] Updated rule: Enablement_EndUser_Assignment
[2026-02-05 09:15:17] [Debug] Updated rule: Approval_EndUser_Assignment
[2026-02-05 09:15:17] [Debug] Waiting for API propagation...
[2026-02-05 09:15:18] [Success] Role activation settings updated successfully
[2026-02-05 09:15:18] [Success] Template applied to role successfully
[2026-02-05 09:15:18] [Info] Template applied to: Password Administrator
[2026-02-05 09:15:18] [Success] Toast: [Success] Template applied to 1 role(s) successfully
[2026-02-05 09:15:18] [Debug] Fetching Entra ID roles...
[2026-02-05 09:15:19] [Info] Found 136 roles
[2026-02-05 09:15:19] [Debug] Role cache refreshed with 136 roles
[2026-02-05 09:15:19] [Debug] Loaded 136 Entra roles for policy config
[2026-02-05 09:15:24] [Info] Disconnected from Microsoft Graph
[2026-02-05 09:15:24] [Info] Toast: [Info] Disconnected
[2026-02-05 09:35:01] [Info] PIMBuddy shutting down
