[2026-02-04 12:42:51] [Info] PIMBuddy session started
[2026-02-04 12:42:51] [Info] PIMBuddy starting...
[2026-02-04 12:42:51] [Debug] Settings loaded successfully
[2026-02-04 12:42:51] [Debug] Settings loaded
[2026-02-04 12:42:51] [Debug] Initializing main window...
[2026-02-04 12:42:51] [Debug] Settings saved successfully
[2026-02-04 12:42:51] [Debug] Theme changed to: Light
[2026-02-04 12:42:51] [Debug] Templates UI loaded successfully
[2026-02-04 12:42:51] [Success] Main window initialized
[2026-02-04 12:42:52] [Info] Initiating connection to Commercial environment
[2026-02-04 12:42:52] [Debug] Disconnecting existing Graph session
[2026-02-04 12:42:52] [Info] Opening browser for authentication...
[2026-02-04 12:42:56] [Success] Successfully connected to padrunli
[2026-02-04 12:42:56] [Success] Toast: [Success] Connected to padrunli
[2026-02-04 12:42:56] [Debug] Refreshing dashboard data...
[2026-02-04 12:42:56] [Debug] Fetching PIM groups...
[2026-02-04 12:42:57] [Info] Found 6 PIM groups
[2026-02-04 12:43:09] [Info] Dashboard: 6 groups, 0 eligible, 1 active
[2026-02-04 12:43:10] [Debug] Fetching PIM groups...
[2026-02-04 12:43:10] [Info] Found 6 PIM groups
[2026-02-04 12:43:10] [Debug] Fetching PIM policy for group: b5932e2e-4eed-46a2-9dd9-303ebf06bdd1 (member)
[2026-02-04 12:43:10] [Debug] Fetching PIM policy for group: 526dc037-a152-4184-8cb3-9dc9db837723 (member)
[2026-02-04 12:43:11] [Debug] Fetching PIM policy for group: 270e26b0-c4c5-4566-9776-9d644822971a (member)
[2026-02-04 12:43:12] [Debug] Fetching PIM policy for group: e19886ba-81c8-4b06-91a4-b7ef871d88ab (member)
[2026-02-04 12:43:13] [Debug] Fetching PIM policy for group: 8a910451-cfc0-4c4a-9733-e2456fc9dfab (member)
[2026-02-04 12:43:14] [Debug] Fetching PIM policy for group: a2a85f22-233a-406e-b534-8957a5e88935 (member)
[2026-02-04 12:43:15] [Debug] Dashboard data refreshed
[2026-02-04 12:43:23] [Debug] Navigated to: GroupsPage
[2026-02-04 12:43:23] [Debug] Fetching PIM groups...
[2026-02-04 12:43:23] [Info] Found 6 PIM groups
[2026-02-04 12:43:23] [Debug] Group cache refreshed with 6 groups
[2026-02-04 12:43:23] [Info] Loaded 6 PIM groups
[2026-02-04 12:43:27] [Debug] Opening Create Group dialog
[2026-02-04 12:43:31] [Debug] Dialog result type: String, value: 'PIM-papichulo'
[2026-02-04 12:43:31] [Info] Creating group: Name='PIM-papichulo', MailNickname='PIM-papichulo'
[2026-02-04 12:43:31] [Info] Creating PIM group: PIM-papichulo
[2026-02-04 12:43:32] [Debug] Group verified with ID: 6e08ac8c-650f-44a3-b4d1-585046ad41ac
[2026-02-04 12:43:32] [Success] Group created with ID: 6e08ac8c-650f-44a3-b4d1-585046ad41ac
[2026-02-04 12:43:32] [Error] Exception during group creation: The property 'Error' cannot be found on this object. Verify that the property exists.
  Exception: The property 'Error' cannot be found on this object. Verify that the property exists.
[2026-02-04 12:43:32] [Error] Toast: [Error] Error: The property 'Error' cannot be found on this object. Verify that the property exists.
[2026-02-04 12:43:52] [Info] Loaded 6 PIM groups
[2026-02-04 12:43:53] [Info] Loaded 6 PIM groups
[2026-02-04 12:43:53] [Info] Loaded 6 PIM groups
[2026-02-04 12:43:53] [Info] Loaded 6 PIM groups
[2026-02-04 12:43:53] [Info] Loaded 6 PIM groups
[2026-02-04 12:43:54] [Info] Loaded 6 PIM groups
[2026-02-04 12:43:54] [Info] Loaded 6 PIM groups
[2026-02-04 12:43:54] [Info] Loaded 6 PIM groups
[2026-02-04 12:43:54] [Info] Loaded 6 PIM groups
[2026-02-04 12:43:55] [Info] Loaded 6 PIM groups
[2026-02-04 12:43:55] [Info] Loaded 6 PIM groups
[2026-02-04 12:43:55] [Info] Loaded 6 PIM groups
[2026-02-04 12:43:56] [Info] Loaded 6 PIM groups
[2026-02-04 12:43:56] [Info] Loaded 6 PIM groups
[2026-02-04 12:43:56] [Info] Loaded 6 PIM groups
[2026-02-04 12:44:13] [Info] Loaded 6 PIM groups
[2026-02-04 12:44:13] [Info] Loaded 6 PIM groups
[2026-02-04 12:44:17] [Debug] Navigated to: PoliciesPage
[2026-02-04 12:44:17] [Debug] Fetching Entra ID roles...
[2026-02-04 12:44:18] [Info] Found 136 roles
[2026-02-04 12:44:18] [Debug] Role cache refreshed with 136 roles
[2026-02-04 12:44:18] [Debug] Loaded 136 Entra roles for policy config
[2026-02-04 12:44:19] [Debug] Navigated to: GroupsPage
[2026-02-04 12:44:19] [Info] Loaded 6 PIM groups
[2026-02-04 12:44:20] [Info] Loaded 6 PIM groups
[2026-02-04 12:44:55] [Info] Disconnected from Microsoft Graph
[2026-02-04 12:44:55] [Info] Toast: [Info] Disconnected
[2026-02-04 12:44:56] [Info] Initiating connection to Commercial environment
[2026-02-04 12:44:56] [Info] Opening browser for authentication...
[2026-02-04 12:45:01] [Success] Successfully connected to padrunli
[2026-02-04 12:45:01] [Success] Toast: [Success] Connected to padrunli
[2026-02-04 12:45:01] [Debug] Refreshing dashboard data...
[2026-02-04 12:45:01] [Debug] Fetching PIM groups...
[2026-02-04 12:45:03] [Info] Found 7 PIM groups
[2026-02-04 12:45:14] [Info] Dashboard: 7 groups, 0 eligible, 1 active
[2026-02-04 12:45:16] [Debug] Fetching PIM groups...
[2026-02-04 12:45:16] [Info] Found 7 PIM groups
[2026-02-04 12:45:16] [Debug] Fetching PIM policy for group: b5932e2e-4eed-46a2-9dd9-303ebf06bdd1 (member)
[2026-02-04 12:45:17] [Debug] Fetching PIM policy for group: 526dc037-a152-4184-8cb3-9dc9db837723 (member)
[2026-02-04 12:45:17] [Debug] Fetching PIM policy for group: 270e26b0-c4c5-4566-9776-9d644822971a (member)
[2026-02-04 12:45:18] [Debug] Fetching PIM policy for group: e19886ba-81c8-4b06-91a4-b7ef871d88ab (member)
[2026-02-04 12:45:19] [Debug] Fetching PIM policy for group: 8a910451-cfc0-4c4a-9733-e2456fc9dfab (member)
[2026-02-04 12:45:19] [Debug] Fetching PIM policy for group: a2a85f22-233a-406e-b534-8957a5e88935 (member)
[2026-02-04 12:45:20] [Debug] Fetching PIM policy for group: 6e08ac8c-650f-44a3-b4d1-585046ad41ac (member)
[2026-02-04 12:45:21] [Debug] Dashboard data refreshed
[2026-02-04 12:45:21] [Info] Loaded 6 PIM groups
[2026-02-04 12:45:21] [Debug] Navigated to: DashboardPage
[2026-02-04 12:45:23] [Debug] Navigated to: GroupsPage
[2026-02-04 12:45:23] [Info] Loaded 6 PIM groups
[2026-02-04 12:45:26] [Info] Loaded 6 PIM groups
[2026-02-04 12:45:28] [Info] Loaded 6 PIM groups
[2026-02-04 12:45:29] [Info] Loaded 6 PIM groups
[2026-02-04 12:45:29] [Info] Loaded 6 PIM groups
[2026-02-04 12:45:30] [Info] Loaded 6 PIM groups
[2026-02-04 12:45:30] [Info] Loaded 6 PIM groups
[2026-02-04 12:45:31] [Debug] Navigated to: DashboardPage
[2026-02-04 12:45:34] [Debug] Navigated to: GroupsPage
[2026-02-04 12:45:34] [Info] Loaded 6 PIM groups
[2026-02-04 12:45:36] [Info] Loaded 6 PIM groups
[2026-02-04 12:45:36] [Info] Loaded 6 PIM groups
[2026-02-04 12:45:36] [Info] Loaded 6 PIM groups
[2026-02-04 12:45:36] [Info] Loaded 6 PIM groups
[2026-02-04 12:45:37] [Info] Loaded 6 PIM groups
[2026-02-04 12:45:37] [Info] Loaded 6 PIM groups
[2026-02-04 12:45:47] [Debug] Navigated to: PoliciesPage
[2026-02-04 12:45:47] [Debug] Loaded 136 Entra roles for policy config
[2026-02-04 12:45:49] [Debug] Fetching PIM policy for role: fe930be7-5e62-47db-91af-98c3a49a38b1
[2026-02-04 12:45:50] [Debug] Loaded policy for role fe930be7-5e62-47db-91af-98c3a49a38b1 (duration: 8h)
[2026-02-04 12:45:52] [Debug] Fetching PIM policy for role: 62e90394-69f5-4237-9190-012177145e10
[2026-02-04 12:45:53] [Debug] Loaded policy for role 62e90394-69f5-4237-9190-012177145e10 (duration: 8h)
[2026-02-04 12:45:54] [Debug] Fetching PIM policy for role: fe930be7-5e62-47db-91af-98c3a49a38b1
[2026-02-04 12:45:55] [Debug] Loaded policy for role fe930be7-5e62-47db-91af-98c3a49a38b1 (duration: 8h)
[2026-02-04 12:45:58] [Info] Updating activation settings for role: fe930be7-5e62-47db-91af-98c3a49a38b1
[2026-02-04 12:45:58] [Debug] Fetching PIM policy for role: fe930be7-5e62-47db-91af-98c3a49a38b1
[2026-02-04 12:45:58] [Debug] Searching for rule IDs in policy DirectoryRole_b890c4e6-b9b4-407f-8727-efe638af79c3_936e8fb8-4ad5-4c50-970f-4b2612fa8ea8 (found 17 rules)
[2026-02-04 12:45:59] [Debug] Examining rule: Enablement_Admin_Eligibility (Type: #microsoft.graph.unifiedRoleManagementPolicyEnablementRule, Caller: Admin)
[2026-02-04 12:45:59] [Debug] Examining rule: Expiration_Admin_Eligibility (Type: #microsoft.graph.unifiedRoleManagementPolicyExpirationRule, Caller: Admin)
[2026-02-04 12:45:59] [Debug] Examining rule: Notification_Admin_Admin_Eligibility (Type: #microsoft.graph.unifiedRoleManagementPolicyNotificationRule, Caller: Admin)
[2026-02-04 12:45:59] [Debug] Examining rule: Notification_Requestor_Admin_Eligibility (Type: #microsoft.graph.unifiedRoleManagementPolicyNotificationRule, Caller: Admin)
[2026-02-04 12:45:59] [Debug] Examining rule: Notification_Approver_Admin_Eligibility (Type: #microsoft.graph.unifiedRoleManagementPolicyNotificationRule, Caller: Admin)
[2026-02-04 12:45:59] [Debug] Examining rule: Enablement_Admin_Assignment (Type: #microsoft.graph.unifiedRoleManagementPolicyEnablementRule, Caller: Admin)
[2026-02-04 12:45:59] [Debug] Examining rule: Expiration_Admin_Assignment (Type: #microsoft.graph.unifiedRoleManagementPolicyExpirationRule, Caller: Admin)
[2026-02-04 12:45:59] [Debug] Examining rule: Notification_Admin_Admin_Assignment (Type: #microsoft.graph.unifiedRoleManagementPolicyNotificationRule, Caller: Admin)
[2026-02-04 12:45:59] [Debug] Examining rule: Notification_Requestor_Admin_Assignment (Type: #microsoft.graph.unifiedRoleManagementPolicyNotificationRule, Caller: Admin)
[2026-02-04 12:45:59] [Debug] Examining rule: Notification_Approver_Admin_Assignment (Type: #microsoft.graph.unifiedRoleManagementPolicyNotificationRule, Caller: Admin)
[2026-02-04 12:45:59] [Debug] Examining rule: Approval_EndUser_Assignment (Type: #microsoft.graph.unifiedRoleManagementPolicyApprovalRule, Caller: EndUser)
[2026-02-04 12:45:59] [Debug] Found approval rule: Approval_EndUser_Assignment
[2026-02-04 12:45:59] [Debug] Examining rule: AuthenticationContext_EndUser_Assignment (Type: #microsoft.graph.unifiedRoleManagementPolicyAuthenticationContextRule, Caller: EndUser)
[2026-02-04 12:45:59] [Debug] Examining rule: Enablement_EndUser_Assignment (Type: #microsoft.graph.unifiedRoleManagementPolicyEnablementRule, Caller: EndUser)
[2026-02-04 12:45:59] [Debug] Found enablement rule: Enablement_EndUser_Assignment
[2026-02-04 12:45:59] [Debug] Examining rule: Expiration_EndUser_Assignment (Type: #microsoft.graph.unifiedRoleManagementPolicyExpirationRule, Caller: EndUser)
[2026-02-04 12:45:59] [Debug] Found expiration rule: Expiration_EndUser_Assignment
[2026-02-04 12:45:59] [Debug] Examining rule: Notification_Admin_EndUser_Assignment (Type: #microsoft.graph.unifiedRoleManagementPolicyNotificationRule, Caller: EndUser)
[2026-02-04 12:45:59] [Debug] Examining rule: Notification_Requestor_EndUser_Assignment (Type: #microsoft.graph.unifiedRoleManagementPolicyNotificationRule, Caller: EndUser)
[2026-02-04 12:45:59] [Debug] Examining rule: Notification_Approver_EndUser_Assignment (Type: #microsoft.graph.unifiedRoleManagementPolicyNotificationRule, Caller: EndUser)
[2026-02-04 12:45:59] [Info] Using rule IDs - Expiration: Expiration_EndUser_Assignment, Enablement: Enablement_EndUser_Assignment, Approval: Approval_EndUser_Assignment
[2026-02-04 12:45:59] [Debug] Updated rule: Enablement_EndUser_Assignment
[2026-02-04 12:45:59] [Debug] Waiting for API propagation...
[2026-02-04 12:46:01] [Success] Role activation settings updated successfully
[2026-02-04 12:46:01] [Success] Toast: [Success] Justification requirement enabled
[2026-02-04 12:46:01] [Debug] Policy cache cleared
[2026-02-04 12:46:01] [Debug] Fetching PIM policy for role: fe930be7-5e62-47db-91af-98c3a49a38b1
[2026-02-04 12:46:02] [Debug] Loaded policy for role fe930be7-5e62-47db-91af-98c3a49a38b1 (duration: 8h)
[2026-02-04 12:46:06] [Debug] Fetching PIM policy for role: 29232cdf-9323-42fd-ade2-1d097af3e4de
[2026-02-04 12:46:07] [Debug] Loaded policy for role 29232cdf-9323-42fd-ade2-1d097af3e4de (duration: 8h)
[2026-02-04 12:46:08] [Debug] Fetching PIM policy for role: fe930be7-5e62-47db-91af-98c3a49a38b1
[2026-02-04 12:46:09] [Debug] Loaded policy for role fe930be7-5e62-47db-91af-98c3a49a38b1 (duration: 8h)
[2026-02-04 12:46:10] [Debug] Navigated to: RolesPage
[2026-02-04 12:46:10] [Info] Loaded 136 Entra roles
[2026-02-04 12:46:16] [Debug] Navigated to: SettingsPage
[2026-02-04 12:46:31] [Info] PIMBuddy shutting down
